<?xml version="1.0" encoding="UTF-8"?>
<testsuite xmlns:xsi="http://www.w3.org/2001/XMLSchema-instance" xsi:noNamespaceSchemaLocation="https://maven.apache.org/surefire/maven-surefire-plugin/xsd/surefire-test-report-3.0.xsd" version="3.0" name="org.example.TextGraphTest" time="0.061" tests="5" errors="0" skipped="0" failures="0">
  <properties>
    <property name="java.specification.version" value="17"/>
    <property name="sun.cpu.isalist" value="amd64"/>
    <property name="sun.jnu.encoding" value="GBK"/>
    <property name="java.class.path" value="C:\Users\86188\Desktop\软件工程\Lab1\target\test-classes;C:\Users\86188\Desktop\软件工程\Lab1\target\classes;C:\Users\86188\.m2\repository\junit\junit\4.13.1\junit-4.13.1.jar;C:\Users\86188\.m2\repository\org\hamcrest\hamcrest-core\1.3\hamcrest-core-1.3.jar;C:\Users\86188\.m2\repository\org\jgrapht\jgrapht-core\1.5.1\jgrapht-core-1.5.1.jar;C:\Users\86188\.m2\repository\org\jheaps\jheaps\0.13\jheaps-0.13.jar;C:\Users\86188\.m2\repository\org\jgrapht\jgrapht-ext\1.0.1\jgrapht-ext-1.0.1.jar;C:\Users\86188\.m2\repository\org\tinyjee\jgraphx\jgraphx\2.0.0.1\jgraphx-2.0.0.1.jar;C:\Users\86188\.m2\repository\jgraph\jgraph\5.13.0.0\jgraph-5.13.0.0.jar;C:\Users\86188\.m2\repository\org\antlr\antlr4-runtime\4.5.3\antlr4-runtime-4.5.3.jar;"/>
    <property name="java.vm.vendor" value="Amazon.com Inc."/>
    <property name="sun.arch.data.model" value="64"/>
    <property name="user.variant" value=""/>
    <property name="java.vendor.url" value="https://aws.amazon.com/corretto/"/>
    <property name="user.timezone" value="Asia/Shanghai"/>
    <property name="os.name" value="Windows 11"/>
    <property name="java.vm.specification.version" value="17"/>
    <property name="sun.java.launcher" value="SUN_STANDARD"/>
    <property name="user.country" value="CN"/>
    <property name="sun.boot.library.path" value="C:\Users\86188\.jdks\corretto-17.0.11\bin"/>
    <property name="sun.java.command" value="C:\Users\86188\AppData\Local\Temp\surefire18274910132013017002\surefirebooter-20240612113234768_3.jar C:\Users\86188\AppData\Local\Temp\surefire18274910132013017002 2024-06-12T11-32-34_628-jvmRun1 surefire-20240612113234768_1tmp surefire_0-20240612113234768_2tmp"/>
    <property name="jdk.debug" value="release"/>
    <property name="surefire.test.class.path" value="C:\Users\86188\Desktop\软件工程\Lab1\target\test-classes;C:\Users\86188\Desktop\软件工程\Lab1\target\classes;C:\Users\86188\.m2\repository\junit\junit\4.13.1\junit-4.13.1.jar;C:\Users\86188\.m2\repository\org\hamcrest\hamcrest-core\1.3\hamcrest-core-1.3.jar;C:\Users\86188\.m2\repository\org\jgrapht\jgrapht-core\1.5.1\jgrapht-core-1.5.1.jar;C:\Users\86188\.m2\repository\org\jheaps\jheaps\0.13\jheaps-0.13.jar;C:\Users\86188\.m2\repository\org\jgrapht\jgrapht-ext\1.0.1\jgrapht-ext-1.0.1.jar;C:\Users\86188\.m2\repository\org\tinyjee\jgraphx\jgraphx\2.0.0.1\jgraphx-2.0.0.1.jar;C:\Users\86188\.m2\repository\jgraph\jgraph\5.13.0.0\jgraph-5.13.0.0.jar;C:\Users\86188\.m2\repository\org\antlr\antlr4-runtime\4.5.3\antlr4-runtime-4.5.3.jar;"/>
    <property name="sun.cpu.endian" value="little"/>
    <property name="user.home" value="C:\Users\86188"/>
    <property name="user.language" value="zh"/>
    <property name="java.specification.vendor" value="Oracle Corporation"/>
    <property name="java.version.date" value="2024-04-16"/>
    <property name="java.home" value="C:\Users\86188\.jdks\corretto-17.0.11"/>
    <property name="file.separator" value="\"/>
    <property name="basedir" value="C:\Users\86188\Desktop\软件工程\Lab1"/>
    <property name="java.vm.compressedOopsMode" value="Zero based"/>
    <property name="line.separator" value="&#10;"/>
    <property name="java.vm.specification.vendor" value="Oracle Corporation"/>
    <property name="java.specification.name" value="Java Platform API Specification"/>
    <property name="surefire.real.class.path" value="C:\Users\86188\AppData\Local\Temp\surefire18274910132013017002\surefirebooter-20240612113234768_3.jar"/>
    <property name="user.script" value=""/>
    <property name="sun.management.compiler" value="HotSpot 64-Bit Tiered Compilers"/>
    <property name="java.runtime.version" value="17.0.11+9-LTS"/>
    <property name="user.name" value="86188"/>
    <property name="path.separator" value=";"/>
    <property name="os.version" value="10.0"/>
    <property name="java.runtime.name" value="OpenJDK Runtime Environment"/>
    <property name="file.encoding" value="GBK"/>
    <property name="java.vm.name" value="OpenJDK 64-Bit Server VM"/>
    <property name="java.vendor.version" value="Corretto-17.0.11.9.1"/>
    <property name="localRepository" value="C:\Users\86188\.m2\repository"/>
    <property name="java.vendor.url.bug" value="https://github.com/corretto/corretto-17/issues/"/>
    <property name="java.io.tmpdir" value="C:\Users\86188\AppData\Local\Temp\"/>
    <property name="idea.version" value="2024.1.1"/>
    <property name="java.version" value="17.0.11"/>
    <property name="user.dir" value="C:\Users\86188\Desktop\软件工程\Lab1"/>
    <property name="os.arch" value="amd64"/>
    <property name="java.vm.specification.name" value="Java Virtual Machine Specification"/>
    <property name="sun.os.patch.level" value=""/>
    <property name="native.encoding" value="GBK"/>
    <property name="java.library.path" value="C:\Users\86188\.jdks\corretto-17.0.11\bin;C:\WINDOWS\Sun\Java\bin;C:\WINDOWS\system32;C:\WINDOWS;C:\Python312\Scripts\;C:\Python312\;C:\Program Files\Common Files\Oracle\Java\javapath;D:\bin\;C:\Windows\system32;C:\Windows;C:\Windows\System32\Wbem;C:\Windows\System32\WindowsPowerShell\v1.0\;C:\Windows\System32\OpenSSH\;C:\Program Files (x86)\NVIDIA Corporation\PhysX\Common;C:\Program Files\NVIDIA Corporation\NVIDIA NvDLISR;C:\WINDOWS\system32;C:\WINDOWS;C:\WINDOWS\System32\Wbem;C:\WINDOWS\System32\WindowsPowerShell\v1.0\;C:\WINDOWS\System32\OpenSSH\;C:\Program Files\dotnet\;C:\Program Files\Azure Data Studio\bin;D:\mysql-8.0.27-winx64\bin;C:\Program Files\Java\jdk-18.0.2.1\bin;C:\Program Files\Java\jdk-18.0.2.1\jre\bin;D:\;C:\WINDOWS\system32;C:\WINDOWS;C:\WINDOWS\System32\Wbem;C:\WINDOWS\System32\WindowsPowerShell\v1.0\;C:\WINDOWS\System32\OpenSSH\;D:\MinGW\mingw64\bin;C:\ProgramData\chocolatey\bin;D:\Graphviz\bin;C:\Program Files\HUAWEI-LiteOS-Studio\bin;C:\Program Files\Git\cmd;D:\apache-maven-3.9.6\bin;C:\Program Files\nodejs\;D:\OpenSSL-Win64\bin;C:\Program Files\Java\jdk-18.0.2.1\bin;D:\gradle-8.0.2\bin;C:\Users\86188\AppData\Local\Programs\Python\Python37;C:\Users\86188\AppData\Local\Programs\Python\Python37\Scripts;C:\Users\86188\AppData\Local\Microsoft\WindowsApps;C:\Users\86188\.dotnet\tools;C:\Program Files\Azure Data Studio\bin;C:\Users\86188\nodejs;;D:\Microsoft VS Code\bin;C:\Users\86188\AppData\Roaming\npm;."/>
    <property name="java.vm.info" value="mixed mode, sharing"/>
    <property name="java.vendor" value="Amazon.com Inc."/>
    <property name="java.vm.version" value="17.0.11+9-LTS"/>
    <property name="sun.io.unicode.encoding" value="UnicodeLittle"/>
    <property name="java.class.version" value="61.0"/>
  </properties>
  <testcase name="testQueryBridgeWords_case1" classname="org.example.TextGraphTest" time="0.014">
    <system-out><![CDATA[case1-Result: No "start" and "end" in the graph!
]]></system-out>
  </testcase>
  <testcase name="testQueryBridgeWords_case2" classname="org.example.TextGraphTest" time="0.001">
    <system-out><![CDATA[case2-Result: No "start" in the graph!
]]></system-out>
  </testcase>
  <testcase name="testQueryBridgeWords_case3" classname="org.example.TextGraphTest" time="0.0">
    <system-out><![CDATA[case3-Result: No "end" in the graph!
]]></system-out>
  </testcase>
  <testcase name="testQueryBridgeWords_case4" classname="org.example.TextGraphTest" time="0.0">
    <system-out><![CDATA[case4-Result: No bridge words from "seek" to "to"!
]]></system-out>
  </testcase>
  <testcase name="testQueryBridgeWords_case5" classname="org.example.TextGraphTest" time="0.001">
    <system-out><![CDATA[case5-Result: The bridge words from "to" to "strange" are: explore, seek
]]></system-out>
  </testcase>
</testsuite>